<?xml version="1.0" encoding="UTF-8"?>
<!-- Generated by org.testng.reporters.JUnitReportReporter -->
<testsuite hostname="Asus_Rocky" failures="0" tests="1" name="test_Scripts.RegisterTest" time="1.032" errors="0" timestamp="2023-08-16T09:45:05 IST" skipped="0">
  <testcase classname="test_Scripts.RegisterTest" name="register_TestCase" time="1.032"/>
  <system-out/>
</testsuite> <!-- test_Scripts.RegisterTest -->
