<?xml version="1.0" encoding="UTF-8"?>
<!-- Generated by org.testng.reporters.JUnitReportReporter -->
<testsuite hostname="Asus_Rocky" failures="0" tests="1" name="module.LoginModule" time="0.880" errors="0" timestamp="2023-08-11T15:49:35 IST" skipped="0">
  <testcase classname="module.LoginModule" name="loginMethod" time="0.880"/>
  <system-out/>
</testsuite> <!-- module.LoginModule -->
