<?xml version="1.0" encoding="UTF-8"?>
<!-- Generated by org.testng.reporters.JUnitReportReporter -->
<testsuite hostname="Asus_Rocky" failures="0" tests="1" name="test_Scripts.CheckOutPage01Test" time="109.646" errors="0" timestamp="2023-08-17T14:31:31 IST" skipped="0">
  <testcase classname="test_Scripts.CheckOutPage01Test" name="checkOutPage_TestCase" time="109.646"/>
  <system-out/>
</testsuite> <!-- test_Scripts.CheckOutPage01Test -->
