<?xml version="1.0" encoding="UTF-8"?>
<!-- Generated by org.testng.reporters.JUnitReportReporter -->
<testsuite hostname="Asus_Rocky" failures="0" tests="1" name="test_Scripts.Home02Test" time="37.829" errors="0" timestamp="2023-08-17T10:54:15 IST" skipped="0">
  <testcase classname="test_Scripts.Home02Test" name="HomePage_TestCase_02" time="37.829"/>
  <system-out/>
</testsuite> <!-- test_Scripts.Home02Test -->
