<?xml version="1.0" encoding="UTF-8"?>
<!-- Generated by org.testng.reporters.JUnitReportReporter -->
<testsuite hostname="Asus_Rocky" failures="0" tests="1" name="test_Scripts.Home01Test" time="28.393" errors="0" timestamp="2023-08-17T15:48:51 IST" skipped="0">
  <testcase classname="test_Scripts.Home01Test" name="HomePage_TestCase_01" time="28.393"/>
  <system-out/>
</testsuite> <!-- test_Scripts.Home01Test -->
