<?xml version="1.0" encoding="UTF-8"?>
<!-- Generated by org.testng.reporters.JUnitReportReporter -->
<testsuite hostname="Asus_Rocky" failures="0" tests="1" name="test_Scripts.DishesTestCase02" time="9.171" errors="0" timestamp="2023-08-14T10:49:08 IST" skipped="0">
  <testcase classname="test_Scripts.DishesTestCase02" name="OFOS_Home_004" time="9.171"/>
  <system-out/>
</testsuite> <!-- test_Scripts.DishesTestCase02 -->
