<?xml version="1.0" encoding="UTF-8"?>
<!-- Generated by org.testng.reporters.JUnitReportReporter -->
<testsuite hostname="Asus_Rocky" failures="0" tests="1" name="test_Scripts.PlaceOrderTest" time="25.433" errors="0" timestamp="2023-08-18T09:44:33 IST" skipped="0">
  <testcase classname="test_Scripts.PlaceOrderTest" name="placeOrder_TestCase" time="25.433"/>
  <system-out/>
</testsuite> <!-- test_Scripts.PlaceOrderTest -->
