<?xml version="1.0" encoding="UTF-8"?>
<!-- Generated by org.testng.reporters.JUnitReportReporter -->
<testsuite hostname="Asus_Rocky" failures="0" tests="1" name="test_Scripts.Register02Test" time="113.351" errors="0" timestamp="2023-08-17T17:34:19 IST" skipped="0">
  <testcase classname="test_Scripts.Register02Test" name="registerPage_TestCase02" time="113.351"/>
  <system-out/>
</testsuite> <!-- test_Scripts.Register02Test -->
