<?xml version="1.0" encoding="UTF-8"?>
<!-- Generated by org.testng.reporters.JUnitReportReporter -->
<testsuite hostname="Asus_Rocky" failures="0" tests="1" name="test_Scripts.PlaceOrder_FromHomePage02_Test" time="36.852" errors="0" timestamp="2023-08-17T14:18:26 IST" skipped="0">
  <testcase classname="test_Scripts.PlaceOrder_FromHomePage02_Test" name="placeOrder_FromHomePage_TestCase02" time="36.852"/>
  <system-out/>
</testsuite> <!-- test_Scripts.PlaceOrder_FromHomePage02_Test -->
