<?xml version="1.0" encoding="UTF-8"?>
<!-- Generated by org.testng.reporters.JUnitReportReporter -->
<testsuite hostname="Asus_Rocky" failures="0" tests="1" name="test_Scripts.PlaceOrder_FromHomePage01_Test" time="35.522" errors="0" timestamp="2023-08-17T13:05:52 IST" skipped="0">
  <testcase classname="test_Scripts.PlaceOrder_FromHomePage01_Test" name="placeOrder_FromHomePage_TestCase01" time="35.522"/>
  <system-out/>
</testsuite> <!-- test_Scripts.PlaceOrder_FromHomePage01_Test -->
