<?xml version="1.0" encoding="UTF-8"?>
<!-- Generated by org.testng.reporters.JUnitReportReporter -->
<testsuite hostname="Asus_Rocky" failures="0" tests="1" name="test_Scripts.CheckOutButtonTest" time="117.724" errors="0" timestamp="2023-08-17T14:54:48 IST" skipped="0">
  <testcase classname="test_Scripts.CheckOutButtonTest" name="CheckOutButton_TestCase" time="117.724"/>
  <system-out/>
</testsuite> <!-- test_Scripts.CheckOutButtonTest -->
