<?xml version="1.0" encoding="UTF-8"?>
<!-- Generated by org.testng.reporters.JUnitReportReporter -->
<testsuite hostname="Asus_Rocky" failures="0" tests="1" name="test_Scripts.CheckOutPage02Test" time="109.791" errors="0" timestamp="2023-08-17T14:34:46 IST" skipped="0">
  <testcase classname="test_Scripts.CheckOutPage02Test" name="checkOutPage_TestCase_ByChangingQuantity" time="109.791"/>
  <system-out/>
</testsuite> <!-- test_Scripts.CheckOutPage02Test -->
