<?xml version="1.0" encoding="UTF-8"?>
<!-- Generated by org.testng.reporters.JUnitReportReporter -->
<testsuite hostname="Asus_Rocky" failures="0" tests="1" name="test_Scripts.Dishes01Test" time="8.815" errors="0" timestamp="2023-08-16T09:45:05 IST" skipped="0">
  <testcase classname="test_Scripts.Dishes01Test" name="dishesPage_TestCase01" time="8.815"/>
  <system-out/>
</testsuite> <!-- test_Scripts.Dishes01Test -->
