<?xml version="1.0" encoding="UTF-8"?>
<!-- Generated by org.testng.reporters.JUnitReportReporter -->
<testsuite hostname="Asus_Rocky" failures="0" tests="1" name="test_Scripts.RegisterTestCase" time="0.911" errors="0" timestamp="2023-08-14T16:31:23 IST" skipped="0">
  <testcase classname="test_Scripts.RegisterTestCase" name="register_TestCase" time="0.911"/>
  <system-out/>
</testsuite> <!-- test_Scripts.RegisterTestCase -->
