<?xml version="1.0" encoding="UTF-8"?>
<!-- Generated by org.testng.reporters.JUnitReportReporter -->
<testsuite hostname="Asus_Rocky" failures="0" tests="1" name="test_Scripts.RemoveOrdersTest" time="37.513" errors="0" timestamp="2023-08-17T17:40:40 IST" skipped="0">
  <testcase classname="test_Scripts.RemoveOrdersTest" name="deleteOrders_TestCase" time="37.513"/>
  <system-out/>
</testsuite> <!-- test_Scripts.RemoveOrdersTest -->
