<?xml version="1.0" encoding="UTF-8"?>
<!-- Generated by org.testng.reporters.JUnitReportReporter -->
<testsuite hostname="Asus_Rocky" failures="0" tests="1" name="test_Scripts.LoginTestCase" time="2.466" errors="0" timestamp="2023-08-14T16:31:23 IST" skipped="0">
  <testcase classname="test_Scripts.LoginTestCase" name="login_TestCase" time="2.466"/>
  <system-out/>
</testsuite> <!-- test_Scripts.LoginTestCase -->
