<?xml version="1.0" encoding="UTF-8"?>
<!-- Generated by org.testng.reporters.JUnitReportReporter -->
<testsuite hostname="Asus_Rocky" failures="0" tests="1" name="module.LoginClass" time="0.402" errors="0" timestamp="2023-08-11T12:45:20 IST" skipped="0">
  <testcase classname="module.LoginClass" name="login" time="0.402"/>
  <system-out/>
</testsuite> <!-- module.LoginClass -->
