<?xml version="1.0" encoding="UTF-8"?>
<!-- Generated by org.testng.reporters.JUnitReportReporter -->
<testsuite hostname="Asus_Rocky" failures="0" tests="1" name="test_Scripts.RestaurantsTestCase01" time="101.135" errors="0" timestamp="2023-08-14T13:01:16 IST" skipped="0">
  <testcase classname="test_Scripts.RestaurantsTestCase01" name="OFOS_Resta_007" time="101.135"/>
  <system-out/>
</testsuite> <!-- test_Scripts.RestaurantsTestCase01 -->
