<?xml version="1.0" encoding="UTF-8"?>
<!-- Generated by org.testng.reporters.JUnitReportReporter -->
<testsuite hostname="Asus_Rocky" failures="0" tests="1" name="test_Scripts.Dishes03Test" time="6.401" errors="0" timestamp="2023-08-16T12:14:26 IST" skipped="0">
  <testcase classname="test_Scripts.Dishes03Test" name="dishesPage_WithOutLogin_TestCase03" time="6.401"/>
  <system-out/>
</testsuite> <!-- test_Scripts.Dishes03Test -->
