<?xml version="1.0" encoding="UTF-8"?>
<!-- Generated by org.testng.reporters.JUnitReportReporter -->
<testsuite hostname="Asus_Rocky" failures="0" tests="1" name="test_Scripts.CheckOutPage03Test" time="106.093" errors="0" timestamp="2023-08-17T14:37:27 IST" skipped="0">
  <testcase classname="test_Scripts.CheckOutPage03Test" name="checkOutPage_WithOutLogin_TestCase" time="106.093"/>
  <system-out/>
</testsuite> <!-- test_Scripts.CheckOutPage03Test -->
