<?xml version="1.0" encoding="UTF-8"?>
<!-- Generated by org.testng.reporters.JUnitReportReporter -->
<testsuite hostname="Asus_Rocky" failures="0" tests="1" name="test_Scripts.Register01Test" time="1.567" errors="0" timestamp="2023-08-23T12:20:33 IST" skipped="0">
  <testcase classname="test_Scripts.Register01Test" name="register_TestCase01" time="1.567"/>
  <system-out/>
</testsuite> <!-- test_Scripts.Register01Test -->
