<?xml version="1.0" encoding="UTF-8"?>
<!-- Generated by org.testng.reporters.JUnitReportReporter -->
<testsuite hostname="Asus_Rocky" failures="0" tests="1" name="test_Scripts.RestaurantsTestCase02" time="7.283" errors="0" timestamp="2023-08-14T11:37:38 IST" skipped="0">
  <testcase classname="test_Scripts.RestaurantsTestCase02" name="OFOS_Home_006" time="7.283"/>
  <system-out/>
</testsuite> <!-- test_Scripts.RestaurantsTestCase02 -->
