<?xml version="1.0" encoding="UTF-8"?>
<!-- Generated by org.testng.reporters.JUnitReportReporter -->
<testsuite hostname="Asus_Rocky" failures="0" tests="1" name="test_Scripts.ViewMenuTest02" time="25.877" errors="0" timestamp="2023-08-16T14:27:52 IST" skipped="0">
  <testcase classname="test_Scripts.ViewMenuTest02" name="viewMenu_WithOutLogin_TestCase" time="25.877"/>
  <system-out/>
</testsuite> <!-- test_Scripts.ViewMenuTest02 -->
