<?xml version="1.0" encoding="UTF-8"?>
<!-- Generated by org.testng.reporters.JUnitReportReporter -->
<testsuite hostname="Asus_Rocky" failures="0" tests="1" name="test_Scripts.HomeTestCase03" time="1.002" errors="0" timestamp="2023-08-14T13:04:06 IST" skipped="0">
  <testcase classname="test_Scripts.HomeTestCase03" name="OFOS_Home_005" time="1.002"/>
  <system-out/>
</testsuite> <!-- test_Scripts.HomeTestCase03 -->
