<?xml version="1.0" encoding="UTF-8"?>
<!-- Generated by org.testng.reporters.JUnitReportReporter -->
<testsuite hostname="Asus_Rocky" failures="0" tests="1" name="test_Scripts.ViewMenuTest" time="9.522" errors="0" timestamp="2023-08-16T10:15:01 IST" skipped="0">
  <testcase classname="test_Scripts.ViewMenuTest" name="viewMenu_TestCase" time="9.522"/>
  <system-out/>
</testsuite> <!-- test_Scripts.ViewMenuTest -->
