<?xml version="1.0" encoding="UTF-8"?>
<!-- Generated by org.testng.reporters.JUnitReportReporter -->
<testsuite hostname="Asus_Rocky" failures="0" tests="1" name="test_Scripts.LoginTest" time="3.197" errors="0" timestamp="2023-08-23T12:24:37 IST" skipped="0">
  <testcase classname="test_Scripts.LoginTest" name="login_TestCase" time="3.197"/>
  <system-out/>
</testsuite> <!-- test_Scripts.LoginTest -->
