<?xml version="1.0" encoding="UTF-8"?>
<!-- Generated by org.testng.reporters.JUnitReportReporter -->
<testsuite hostname="Asus_Rocky" failures="0" tests="1" name="test_Scripts.Dishes04Test" time="6.732" errors="0" timestamp="2023-08-16T12:18:18 IST" skipped="0">
  <testcase classname="test_Scripts.Dishes04Test" name="dishesPage_WithOutLogin_TestCase02" time="6.732"/>
  <system-out/>
</testsuite> <!-- test_Scripts.Dishes04Test -->
