<?xml version="1.0" encoding="UTF-8"?>
<!-- Generated by org.testng.reporters.JUnitReportReporter -->
<testsuite hostname="Asus_Rocky" failures="0" tests="1" name="test_Scripts.Home03Test" time="34.766" errors="0" timestamp="2023-08-17T11:05:18 IST" skipped="0">
  <testcase classname="test_Scripts.Home03Test" name="HomePage_TestCase_03" time="34.766"/>
  <system-out/>
</testsuite> <!-- test_Scripts.Home03Test -->
